cl : command line warning D9035: option 'Gm' has been deprecated and will be removed in a future release
  main.cpp
D:\@University\Lessons\4dYear\Graphics\Project\Polygon-Creation-Program-OpenGl\main.cpp(178,23): warning C4018: '<': signed/unsigned mismatch
D:\@University\Lessons\4dYear\Graphics\Project\Polygon-Creation-Program-OpenGl\main.cpp(377,15): warning C4838: conversion from 'int' to 'char' requires a narrowing conversion
D:\@University\Lessons\4dYear\Graphics\Project\Polygon-Creation-Program-OpenGl\main.cpp(377,15): warning C4309: 'initializing': truncation of constant value
D:\@University\Lessons\4dYear\Graphics\Project\Polygon-Creation-Program-OpenGl\main.cpp(378,15): warning C4838: conversion from 'int' to 'char' requires a narrowing conversion
D:\@University\Lessons\4dYear\Graphics\Project\Polygon-Creation-Program-OpenGl\main.cpp(378,15): warning C4309: 'initializing': truncation of constant value
D:\@University\Lessons\4dYear\Graphics\Project\Polygon-Creation-Program-OpenGl\main.cpp(379,15): warning C4838: conversion from 'int' to 'char' requires a narrowing conversion
D:\@University\Lessons\4dYear\Graphics\Project\Polygon-Creation-Program-OpenGl\main.cpp(379,15): warning C4309: 'initializing': truncation of constant value
D:\@University\Lessons\4dYear\Graphics\Project\Polygon-Creation-Program-OpenGl\main.cpp(379,21): warning C4838: conversion from 'int' to 'char' requires a narrowing conversion
D:\@University\Lessons\4dYear\Graphics\Project\Polygon-Creation-Program-OpenGl\main.cpp(379,21): warning C4309: 'initializing': truncation of constant value
D:\@University\Lessons\4dYear\Graphics\Project\Polygon-Creation-Program-OpenGl\main.cpp(383,20): warning C4838: conversion from 'int' to 'char' requires a narrowing conversion
D:\@University\Lessons\4dYear\Graphics\Project\Polygon-Creation-Program-OpenGl\main.cpp(383,20): warning C4309: 'initializing': truncation of constant value
D:\@University\Lessons\4dYear\Graphics\Project\Polygon-Creation-Program-OpenGl\main.cpp(384,20): warning C4838: conversion from 'int' to 'char' requires a narrowing conversion
D:\@University\Lessons\4dYear\Graphics\Project\Polygon-Creation-Program-OpenGl\main.cpp(384,20): warning C4309: 'initializing': truncation of constant value
D:\@University\Lessons\4dYear\Graphics\Project\Polygon-Creation-Program-OpenGl\main.cpp(384,26): warning C4838: conversion from 'int' to 'char' requires a narrowing conversion
D:\@University\Lessons\4dYear\Graphics\Project\Polygon-Creation-Program-OpenGl\main.cpp(384,26): warning C4309: 'initializing': truncation of constant value
D:\@University\Lessons\4dYear\Graphics\Project\Polygon-Creation-Program-OpenGl\main.cpp(385,20): warning C4838: conversion from 'int' to 'char' requires a narrowing conversion
D:\@University\Lessons\4dYear\Graphics\Project\Polygon-Creation-Program-OpenGl\main.cpp(385,20): warning C4309: 'initializing': truncation of constant value
  OpenGLEmpty.vcxproj -> D:\@University\Lessons\4dYear\Graphics\Project\Polygon-Creation-Program-OpenGl\Debug\Ergasia 1.exe
